<?xml version="1.0" encoding="UTF-8"?>
<!-- Generated by org.testng.reporters.JUnitXMLReporter -->
<testsuite hostname="DESKTOP-8IPCMAT" ignored="0" name="Default test" tests="9" failures="0" timestamp="18 Jan 2021 14:13:30 GMT" time="102.527" errors="0">
  <testcase name="fillUserForm" time="6.849" classname="TestSuites.TestCases"/>
  <testcase name="fillUserForm" time="6.907" classname="TestSuites.TestCases"/>
  <testcase name="fillUserForm" time="6.725" classname="TestSuites.TestCases"/>
  <testcase name="fillUserForm" time="6.65" classname="TestSuites.TestCases"/>
  <testcase name="fillUserForm" time="6.686" classname="TestSuites.TestCases"/>
  <testcase name="login_as_student" time="6.98" classname="TestSuites.TestCases"/>
  <testcase name="deleting_Student" time="2.449" classname="TestSuites.TestCases"/>
  <testcase name="updating_the_Student" time="9.223" classname="TestSuites.TestCases"/>
  <testcase name="displaying_Student_details" time="7.98" classname="TestSuites.TestCases"/>
</testsuite> <!-- Default test -->
