<?xml version="1.0" encoding="UTF-8"?>
<testng-results skipped="0" failed="0" ignored="0" total="9" passed="9">
  <reporter-output>
  </reporter-output>
  <suite name="Default suite" duration-ms="102527" started-at="2021-01-18T14:11:47Z" finished-at="2021-01-18T14:13:30Z">
    <groups>
    </groups>
    <test name="Default test" duration-ms="102527" started-at="2021-01-18T14:11:47Z" finished-at="2021-01-18T14:13:30Z">
      <class name="TestSuites.TestCases">
        <test-method status="PASS" signature="setup()[pri:0, instance:TestSuites.TestCases@91161c7]" name="setup" is-config="true" duration-ms="5575" started-at="2021-01-18T14:11:48Z" finished-at="2021-01-18T14:11:54Z">
          <reporter-output>
          </reporter-output>
        </test-method> <!-- setup -->
        <test-method status="PASS" signature="fillUserForm(java.lang.String, java.lang.String, java.lang.String, java.lang.String, java.lang.String, java.lang.String)[pri:1, instance:TestSuites.TestCases@91161c7]" name="fillUserForm" duration-ms="6849" started-at="2021-01-18T14:11:54Z" data-provider="StudentData" finished-at="2021-01-18T14:12:01Z">
          <params>
            <param index="0">
              <value>
                <![CDATA[Daniel]]>
              </value>
            </param>
            <param index="1">
              <value>
                <![CDATA[70.0]]>
              </value>
            </param>
            <param index="2">
              <value>
                <![CDATA[55.0]]>
              </value>
            </param>
            <param index="3">
              <value>
                <![CDATA[65.0]]>
              </value>
            </param>
            <param index="4">
              <value>
                <![CDATA[75.0]]>
              </value>
            </param>
            <param index="5">
              <value>
                <![CDATA[80.0]]>
              </value>
            </param>
          </params>
          <reporter-output>
          </reporter-output>
        </test-method> <!-- fillUserForm -->
        <test-method status="PASS" signature="tearDown()[pri:0, instance:TestSuites.TestCases@91161c7]" name="tearDown" is-config="true" duration-ms="116" started-at="2021-01-18T14:12:01Z" finished-at="2021-01-18T14:12:01Z">
          <reporter-output>
          </reporter-output>
        </test-method> <!-- tearDown -->
        <test-method status="PASS" signature="setup()[pri:0, instance:TestSuites.TestCases@91161c7]" name="setup" is-config="true" duration-ms="4208" started-at="2021-01-18T14:12:01Z" finished-at="2021-01-18T14:12:05Z">
          <reporter-output>
          </reporter-output>
        </test-method> <!-- setup -->
        <test-method status="PASS" signature="fillUserForm(java.lang.String, java.lang.String, java.lang.String, java.lang.String, java.lang.String, java.lang.String)[pri:1, instance:TestSuites.TestCases@91161c7]" name="fillUserForm" duration-ms="6907" started-at="2021-01-18T14:12:05Z" data-provider="StudentData" finished-at="2021-01-18T14:12:12Z">
          <params>
            <param index="0">
              <value>
                <![CDATA[Thomas]]>
              </value>
            </param>
            <param index="1">
              <value>
                <![CDATA[80.0]]>
              </value>
            </param>
            <param index="2">
              <value>
                <![CDATA[65.0]]>
              </value>
            </param>
            <param index="3">
              <value>
                <![CDATA[60.0]]>
              </value>
            </param>
            <param index="4">
              <value>
                <![CDATA[50.0]]>
              </value>
            </param>
            <param index="5">
              <value>
                <![CDATA[75.0]]>
              </value>
            </param>
          </params>
          <reporter-output>
          </reporter-output>
        </test-method> <!-- fillUserForm -->
        <test-method status="PASS" signature="tearDown()[pri:0, instance:TestSuites.TestCases@91161c7]" name="tearDown" is-config="true" duration-ms="98" started-at="2021-01-18T14:12:12Z" finished-at="2021-01-18T14:12:12Z">
          <reporter-output>
          </reporter-output>
        </test-method> <!-- tearDown -->
        <test-method status="PASS" signature="setup()[pri:0, instance:TestSuites.TestCases@91161c7]" name="setup" is-config="true" duration-ms="4201" started-at="2021-01-18T14:12:12Z" finished-at="2021-01-18T14:12:16Z">
          <reporter-output>
          </reporter-output>
        </test-method> <!-- setup -->
        <test-method status="PASS" signature="fillUserForm(java.lang.String, java.lang.String, java.lang.String, java.lang.String, java.lang.String, java.lang.String)[pri:1, instance:TestSuites.TestCases@91161c7]" name="fillUserForm" duration-ms="6725" started-at="2021-01-18T14:12:16Z" data-provider="StudentData" finished-at="2021-01-18T14:12:23Z">
          <params>
            <param index="0">
              <value>
                <![CDATA[John]]>
              </value>
            </param>
            <param index="1">
              <value>
                <![CDATA[90.0]]>
              </value>
            </param>
            <param index="2">
              <value>
                <![CDATA[70.0]]>
              </value>
            </param>
            <param index="3">
              <value>
                <![CDATA[55.0]]>
              </value>
            </param>
            <param index="4">
              <value>
                <![CDATA[60.0]]>
              </value>
            </param>
            <param index="5">
              <value>
                <![CDATA[45.0]]>
              </value>
            </param>
          </params>
          <reporter-output>
          </reporter-output>
        </test-method> <!-- fillUserForm -->
        <test-method status="PASS" signature="tearDown()[pri:0, instance:TestSuites.TestCases@91161c7]" name="tearDown" is-config="true" duration-ms="77" started-at="2021-01-18T14:12:23Z" finished-at="2021-01-18T14:12:23Z">
          <reporter-output>
          </reporter-output>
        </test-method> <!-- tearDown -->
        <test-method status="PASS" signature="setup()[pri:0, instance:TestSuites.TestCases@91161c7]" name="setup" is-config="true" duration-ms="4229" started-at="2021-01-18T14:12:23Z" finished-at="2021-01-18T14:12:27Z">
          <reporter-output>
          </reporter-output>
        </test-method> <!-- setup -->
        <test-method status="PASS" signature="fillUserForm(java.lang.String, java.lang.String, java.lang.String, java.lang.String, java.lang.String, java.lang.String)[pri:1, instance:TestSuites.TestCases@91161c7]" name="fillUserForm" duration-ms="6650" started-at="2021-01-18T14:12:27Z" data-provider="StudentData" finished-at="2021-01-18T14:12:34Z">
          <params>
            <param index="0">
              <value>
                <![CDATA[Harry]]>
              </value>
            </param>
            <param index="1">
              <value>
                <![CDATA[75.0]]>
              </value>
            </param>
            <param index="2">
              <value>
                <![CDATA[60.0]]>
              </value>
            </param>
            <param index="3">
              <value>
                <![CDATA[90.0]]>
              </value>
            </param>
            <param index="4">
              <value>
                <![CDATA[65.0]]>
              </value>
            </param>
            <param index="5">
              <value>
                <![CDATA[65.0]]>
              </value>
            </param>
          </params>
          <reporter-output>
          </reporter-output>
        </test-method> <!-- fillUserForm -->
        <test-method status="PASS" signature="tearDown()[pri:0, instance:TestSuites.TestCases@91161c7]" name="tearDown" is-config="true" duration-ms="183" started-at="2021-01-18T14:12:34Z" finished-at="2021-01-18T14:12:34Z">
          <reporter-output>
          </reporter-output>
        </test-method> <!-- tearDown -->
        <test-method status="PASS" signature="setup()[pri:0, instance:TestSuites.TestCases@91161c7]" name="setup" is-config="true" duration-ms="4262" started-at="2021-01-18T14:12:34Z" finished-at="2021-01-18T14:12:38Z">
          <reporter-output>
          </reporter-output>
        </test-method> <!-- setup -->
        <test-method status="PASS" signature="fillUserForm(java.lang.String, java.lang.String, java.lang.String, java.lang.String, java.lang.String, java.lang.String)[pri:1, instance:TestSuites.TestCases@91161c7]" name="fillUserForm" duration-ms="6686" started-at="2021-01-18T14:12:38Z" data-provider="StudentData" finished-at="2021-01-18T14:12:45Z">
          <params>
            <param index="0">
              <value>
                <![CDATA[Joe]]>
              </value>
            </param>
            <param index="1">
              <value>
                <![CDATA[65.0]]>
              </value>
            </param>
            <param index="2">
              <value>
                <![CDATA[50.0]]>
              </value>
            </param>
            <param index="3">
              <value>
                <![CDATA[100.0]]>
              </value>
            </param>
            <param index="4">
              <value>
                <![CDATA[55.0]]>
              </value>
            </param>
            <param index="5">
              <value>
                <![CDATA[75.0]]>
              </value>
            </param>
          </params>
          <reporter-output>
          </reporter-output>
        </test-method> <!-- fillUserForm -->
        <test-method status="PASS" signature="tearDown()[pri:0, instance:TestSuites.TestCases@91161c7]" name="tearDown" is-config="true" duration-ms="99" started-at="2021-01-18T14:12:45Z" finished-at="2021-01-18T14:12:45Z">
          <reporter-output>
          </reporter-output>
        </test-method> <!-- tearDown -->
        <test-method status="PASS" signature="setup()[pri:0, instance:TestSuites.TestCases@91161c7]" name="setup" is-config="true" duration-ms="4210" started-at="2021-01-18T14:12:45Z" finished-at="2021-01-18T14:12:49Z">
          <reporter-output>
          </reporter-output>
        </test-method> <!-- setup -->
        <test-method status="PASS" signature="login_as_student()[pri:2, instance:TestSuites.TestCases@91161c7]" name="login_as_student" duration-ms="6980" started-at="2021-01-18T14:12:49Z" finished-at="2021-01-18T14:12:56Z">
          <reporter-output>
          </reporter-output>
        </test-method> <!-- login_as_student -->
        <test-method status="PASS" signature="tearDown()[pri:0, instance:TestSuites.TestCases@91161c7]" name="tearDown" is-config="true" duration-ms="99" started-at="2021-01-18T14:12:56Z" finished-at="2021-01-18T14:12:56Z">
          <reporter-output>
          </reporter-output>
        </test-method> <!-- tearDown -->
        <test-method status="PASS" signature="setup()[pri:0, instance:TestSuites.TestCases@91161c7]" name="setup" is-config="true" duration-ms="4545" started-at="2021-01-18T14:12:56Z" finished-at="2021-01-18T14:13:01Z">
          <reporter-output>
          </reporter-output>
        </test-method> <!-- setup -->
        <test-method status="PASS" signature="deleting_Student()[pri:3, instance:TestSuites.TestCases@91161c7]" name="deleting_Student" duration-ms="2449" started-at="2021-01-18T14:13:01Z" finished-at="2021-01-18T14:13:03Z">
          <reporter-output>
          </reporter-output>
        </test-method> <!-- deleting_Student -->
        <test-method status="PASS" signature="tearDown()[pri:0, instance:TestSuites.TestCases@91161c7]" name="tearDown" is-config="true" duration-ms="102" started-at="2021-01-18T14:13:03Z" finished-at="2021-01-18T14:13:03Z">
          <reporter-output>
          </reporter-output>
        </test-method> <!-- tearDown -->
        <test-method status="PASS" signature="setup()[pri:0, instance:TestSuites.TestCases@91161c7]" name="setup" is-config="true" duration-ms="4333" started-at="2021-01-18T14:13:03Z" finished-at="2021-01-18T14:13:08Z">
          <reporter-output>
          </reporter-output>
        </test-method> <!-- setup -->
        <test-method status="PASS" signature="updating_the_Student()[pri:4, instance:TestSuites.TestCases@91161c7]" name="updating_the_Student" duration-ms="9223" started-at="2021-01-18T14:13:08Z" finished-at="2021-01-18T14:13:17Z">
          <reporter-output>
          </reporter-output>
        </test-method> <!-- updating_the_Student -->
        <test-method status="PASS" signature="tearDown()[pri:0, instance:TestSuites.TestCases@91161c7]" name="tearDown" is-config="true" duration-ms="92" started-at="2021-01-18T14:13:17Z" finished-at="2021-01-18T14:13:17Z">
          <reporter-output>
          </reporter-output>
        </test-method> <!-- tearDown -->
        <test-method status="PASS" signature="setup()[pri:0, instance:TestSuites.TestCases@91161c7]" name="setup" is-config="true" duration-ms="4469" started-at="2021-01-18T14:13:17Z" finished-at="2021-01-18T14:13:22Z">
          <reporter-output>
          </reporter-output>
        </test-method> <!-- setup -->
        <test-method status="PASS" signature="displaying_Student_details()[pri:5, instance:TestSuites.TestCases@91161c7]" name="displaying_Student_details" duration-ms="7980" started-at="2021-01-18T14:13:22Z" finished-at="2021-01-18T14:13:30Z">
          <reporter-output>
          </reporter-output>
        </test-method> <!-- displaying_Student_details -->
        <test-method status="PASS" signature="tearDown()[pri:0, instance:TestSuites.TestCases@91161c7]" name="tearDown" is-config="true" duration-ms="109" started-at="2021-01-18T14:13:30Z" finished-at="2021-01-18T14:13:30Z">
          <reporter-output>
          </reporter-output>
        </test-method> <!-- tearDown -->
      </class> <!-- TestSuites.TestCases -->
    </test> <!-- Default test -->
  </suite> <!-- Default suite -->
</testng-results>
